-----------------------------------------------------------------------------------------------------------------------------------------------------
      name:  <unnamed>
       log:  C:\Users\Carol\Desktop\aula - ciência e visualização de dados em saúde\projeto ciencia de dados\novos\correlação setores da economia com
>  isolamento municipios.log
  log type:  text
 opened on:  15 Jun 2021, 15:24:38

. spearman agricultura industria construcao comercio transporte alimentos_hospedagem informacao educacao_defesa_saude outros servico_domestico iso_se
> t_1, stats(rho p)
(obs=18)

+-----------------+
|  Key            |
|-----------------|
|   rho           |
|   Sig. level    |
+-----------------+

             | agricu~a indust~a constr~o comercio transp~e alimen~m inform~o educac~e   outros servic~o iso_s~_1
-------------+---------------------------------------------------------------------------------------------------
 agricultura |   1.0000 
             | 
             |
   industria |  -0.5429   1.0000 
             |   0.0199 
             |
  construcao |  -0.1429   0.6571   1.0000 
             |   0.5717   0.0030 
             |
    comercio |  -0.2571   0.8857   0.7714   1.0000 
             |   0.3030   0.0000   0.0002 
             |
  transporte |  -0.6571   0.8286   0.7143   0.6000   1.0000 
             |   0.0030   0.0000   0.0009   0.0085 
             |
alimentos_~m |  -0.4857   0.6571   0.5429   0.7714   0.4857   1.0000 
             |   0.0410   0.0030   0.0199   0.0002   0.0410 
             |
  informacao |  -0.4857   0.7143   0.3143   0.7714   0.3143   0.6571   1.0000 
             |   0.0410   0.0009   0.2040   0.0002   0.2040   0.0030 
             |
educacao_d~e |  -0.3714   0.3714  -0.2000   0.1429   0.1429  -0.2000   0.5429   1.0000 
             |   0.1291   0.1291   0.4262   0.5717   0.5717   0.4262   0.0199 
             |
      outros |  -0.8286   0.8286   0.4857   0.6000   0.8857   0.7143   0.4857   0.1429   1.0000 
             |   0.0000   0.0000   0.0410   0.0085   0.0000   0.0009   0.0410   0.5717 
             |
servico_do~o |  -0.8286   0.8286   0.4857   0.6000   0.8857   0.7143   0.4857   0.1429   1.0000   1.0000 
             |   0.0000   0.0000   0.0410   0.0085   0.0000   0.0009   0.0410   0.5717   0.0000 
             |
   iso_set_1 |   0.0284  -0.6996  -0.6807  -0.8320  -0.4538  -0.5672  -0.5389  -0.0378  -0.3971  -0.3971   1.0000 
             |   0.9111   0.0012   0.0019   0.0000   0.0585   0.0141   0.0210   0.8816   0.1028   0.1028 
             |

. 
. spearman agricultura industria construcao comercio transporte alimentos_hospedagem informacao educacao_defesa_saude outros servico_domestico iso_se
> t_2, stats(rho p)
(obs=18)

+-----------------+
|  Key            |
|-----------------|
|   rho           |
|   Sig. level    |
+-----------------+

             | agricu~a indust~a constr~o comercio transp~e alimen~m inform~o educac~e   outros servic~o iso_s~_2
-------------+---------------------------------------------------------------------------------------------------
 agricultura |   1.0000 
             | 
             |
   industria |  -0.5429   1.0000 
             |   0.0199 
             |
  construcao |  -0.1429   0.6571   1.0000 
             |   0.5717   0.0030 
             |
    comercio |  -0.2571   0.8857   0.7714   1.0000 
             |   0.3030   0.0000   0.0002 
             |
  transporte |  -0.6571   0.8286   0.7143   0.6000   1.0000 
             |   0.0030   0.0000   0.0009   0.0085 
             |
alimentos_~m |  -0.4857   0.6571   0.5429   0.7714   0.4857   1.0000 
             |   0.0410   0.0030   0.0199   0.0002   0.0410 
             |
  informacao |  -0.4857   0.7143   0.3143   0.7714   0.3143   0.6571   1.0000 
             |   0.0410   0.0009   0.2040   0.0002   0.2040   0.0030 
             |
educacao_d~e |  -0.3714   0.3714  -0.2000   0.1429   0.1429  -0.2000   0.5429   1.0000 
             |   0.1291   0.1291   0.4262   0.5717   0.5717   0.4262   0.0199 
             |
      outros |  -0.8286   0.8286   0.4857   0.6000   0.8857   0.7143   0.4857   0.1429   1.0000 
             |   0.0000   0.0000   0.0410   0.0085   0.0000   0.0009   0.0410   0.5717 
             |
servico_do~o |  -0.8286   0.8286   0.4857   0.6000   0.8857   0.7143   0.4857   0.1429   1.0000   1.0000 
             |   0.0000   0.0000   0.0410   0.0085   0.0000   0.0009   0.0410   0.5717   0.0000 
             |
   iso_set_2 |  -0.0284  -0.5609  -0.7248  -0.7878  -0.3656  -0.6492  -0.4632   0.2080  -0.3277  -0.3277   1.0000 
             |   0.9111   0.0154   0.0007   0.0001   0.1358   0.0036   0.0529   0.4076   0.1843   0.1843 
             |

. 
. spearman agricultura industria construcao comercio transporte alimentos_hospedagem informacao educacao_defesa_saude outros servico_domestico iso_se
> t_3, stats(rho p)
(obs=18)

+-----------------+
|  Key            |
|-----------------|
|   rho           |
|   Sig. level    |
+-----------------+

             | agricu~a indust~a constr~o comercio transp~e alimen~m inform~o educac~e   outros servic~o iso_s~_3
-------------+---------------------------------------------------------------------------------------------------
 agricultura |   1.0000 
             | 
             |
   industria |  -0.5429   1.0000 
             |   0.0199 
             |
  construcao |  -0.1429   0.6571   1.0000 
             |   0.5717   0.0030 
             |
    comercio |  -0.2571   0.8857   0.7714   1.0000 
             |   0.3030   0.0000   0.0002 
             |
  transporte |  -0.6571   0.8286   0.7143   0.6000   1.0000 
             |   0.0030   0.0000   0.0009   0.0085 
             |
alimentos_~m |  -0.4857   0.6571   0.5429   0.7714   0.4857   1.0000 
             |   0.0410   0.0030   0.0199   0.0002   0.0410 
             |
  informacao |  -0.4857   0.7143   0.3143   0.7714   0.3143   0.6571   1.0000 
             |   0.0410   0.0009   0.2040   0.0002   0.2040   0.0030 
             |
educacao_d~e |  -0.3714   0.3714  -0.2000   0.1429   0.1429  -0.2000   0.5429   1.0000 
             |   0.1291   0.1291   0.4262   0.5717   0.5717   0.4262   0.0199 
             |
      outros |  -0.8286   0.8286   0.4857   0.6000   0.8857   0.7143   0.4857   0.1429   1.0000 
             |   0.0000   0.0000   0.0410   0.0085   0.0000   0.0009   0.0410   0.5717 
             |
servico_do~o |  -0.8286   0.8286   0.4857   0.6000   0.8857   0.7143   0.4857   0.1429   1.0000   1.0000 
             |   0.0000   0.0000   0.0410   0.0085   0.0000   0.0009   0.0410   0.5717   0.0000 
             |
   iso_set_3 |  -0.0095  -0.6303  -0.6933  -0.8446  -0.3656  -0.6681  -0.5578   0.1008  -0.3530  -0.3530   1.0000 
             |   0.9703   0.0051   0.0014   0.0000   0.1358   0.0024   0.0162   0.6905   0.1508   0.1508 
             |

. 
. spearman agricultura industria construcao comercio transporte alimentos_hospedagem informacao educacao_defesa_saude outros servico_domestico iso_se
> t_4, stats(rho p)
(obs=18)

+-----------------+
|  Key            |
|-----------------|
|   rho           |
|   Sig. level    |
+-----------------+

             | agricu~a indust~a constr~o comercio transp~e alimen~m inform~o educac~e   outros servic~o iso_s~_4
-------------+---------------------------------------------------------------------------------------------------
 agricultura |   1.0000 
             | 
             |
   industria |  -0.5429   1.0000 
             |   0.0199 
             |
  construcao |  -0.1429   0.6571   1.0000 
             |   0.5717   0.0030 
             |
    comercio |  -0.2571   0.8857   0.7714   1.0000 
             |   0.3030   0.0000   0.0002 
             |
  transporte |  -0.6571   0.8286   0.7143   0.6000   1.0000 
             |   0.0030   0.0000   0.0009   0.0085 
             |
alimentos_~m |  -0.4857   0.6571   0.5429   0.7714   0.4857   1.0000 
             |   0.0410   0.0030   0.0199   0.0002   0.0410 
             |
  informacao |  -0.4857   0.7143   0.3143   0.7714   0.3143   0.6571   1.0000 
             |   0.0410   0.0009   0.2040   0.0002   0.2040   0.0030 
             |
educacao_d~e |  -0.3714   0.3714  -0.2000   0.1429   0.1429  -0.2000   0.5429   1.0000 
             |   0.1291   0.1291   0.4262   0.5717   0.5717   0.4262   0.0199 
             |
      outros |  -0.8286   0.8286   0.4857   0.6000   0.8857   0.7143   0.4857   0.1429   1.0000 
             |   0.0000   0.0000   0.0410   0.0085   0.0000   0.0009   0.0410   0.5717 
             |
servico_do~o |  -0.8286   0.8286   0.4857   0.6000   0.8857   0.7143   0.4857   0.1429   1.0000   1.0000 
             |   0.0000   0.0000   0.0410   0.0085   0.0000   0.0009   0.0410   0.5717   0.0000 
             |
   iso_set_4 |   0.0536  -0.6870  -0.7311  -0.8320  -0.4790  -0.5925  -0.5263   0.0126  -0.4097  -0.4097   1.0000 
             |   0.8328   0.0016   0.0006   0.0000   0.0443   0.0096   0.0249   0.9604   0.0913   0.0913 
             |

. 
. spearman agricultura industria construcao comercio transporte alimentos_hospedagem informacao educacao_defesa_saude outros servico_domestico iso_se
> t_5, stats(rho p)
(obs=18)

+-----------------+
|  Key            |
|-----------------|
|   rho           |
|   Sig. level    |
+-----------------+

             | agricu~a indust~a constr~o comercio transp~e alimen~m inform~o educac~e   outros servic~o iso_s~_5
-------------+---------------------------------------------------------------------------------------------------
 agricultura |   1.0000 
             | 
             |
   industria |  -0.5429   1.0000 
             |   0.0199 
             |
  construcao |  -0.1429   0.6571   1.0000 
             |   0.5717   0.0030 
             |
    comercio |  -0.2571   0.8857   0.7714   1.0000 
             |   0.3030   0.0000   0.0002 
             |
  transporte |  -0.6571   0.8286   0.7143   0.6000   1.0000 
             |   0.0030   0.0000   0.0009   0.0085 
             |
alimentos_~m |  -0.4857   0.6571   0.5429   0.7714   0.4857   1.0000 
             |   0.0410   0.0030   0.0199   0.0002   0.0410 
             |
  informacao |  -0.4857   0.7143   0.3143   0.7714   0.3143   0.6571   1.0000 
             |   0.0410   0.0009   0.2040   0.0002   0.2040   0.0030 
             |
educacao_d~e |  -0.3714   0.3714  -0.2000   0.1429   0.1429  -0.2000   0.5429   1.0000 
             |   0.1291   0.1291   0.4262   0.5717   0.5717   0.4262   0.0199 
             |
      outros |  -0.8286   0.8286   0.4857   0.6000   0.8857   0.7143   0.4857   0.1429   1.0000 
             |   0.0000   0.0000   0.0410   0.0085   0.0000   0.0009   0.0410   0.5717 
             |
servico_do~o |  -0.8286   0.8286   0.4857   0.6000   0.8857   0.7143   0.4857   0.1429   1.0000   1.0000 
             |   0.0000   0.0000   0.0410   0.0085   0.0000   0.0009   0.0410   0.5717   0.0000 
             |
   iso_set_5 |  -0.0347  -0.5168  -0.6744  -0.7626  -0.3088  -0.6870  -0.4569   0.2647  -0.3151  -0.3151   1.0000 
             |   0.8914   0.0281   0.0021   0.0002   0.2124   0.0016   0.0566   0.2884   0.2027   0.2027 
             |

. 
. spearman agricultura industria construcao comercio transporte alimentos_hospedagem informacao educacao_defesa_saude outros servico_domestico iso_se
> t_6, stats(rho p)
(obs=18)

+-----------------+
|  Key            |
|-----------------|
|   rho           |
|   Sig. level    |
+-----------------+

             | agricu~a indust~a constr~o comercio transp~e alimen~m inform~o educac~e   outros servic~o iso_s~_6
-------------+---------------------------------------------------------------------------------------------------
 agricultura |   1.0000 
             | 
             |
   industria |  -0.5429   1.0000 
             |   0.0199 
             |
  construcao |  -0.1429   0.6571   1.0000 
             |   0.5717   0.0030 
             |
    comercio |  -0.2571   0.8857   0.7714   1.0000 
             |   0.3030   0.0000   0.0002 
             |
  transporte |  -0.6571   0.8286   0.7143   0.6000   1.0000 
             |   0.0030   0.0000   0.0009   0.0085 
             |
alimentos_~m |  -0.4857   0.6571   0.5429   0.7714   0.4857   1.0000 
             |   0.0410   0.0030   0.0199   0.0002   0.0410 
             |
  informacao |  -0.4857   0.7143   0.3143   0.7714   0.3143   0.6571   1.0000 
             |   0.0410   0.0009   0.2040   0.0002   0.2040   0.0030 
             |
educacao_d~e |  -0.3714   0.3714  -0.2000   0.1429   0.1429  -0.2000   0.5429   1.0000 
             |   0.1291   0.1291   0.4262   0.5717   0.5717   0.4262   0.0199 
             |
      outros |  -0.8286   0.8286   0.4857   0.6000   0.8857   0.7143   0.4857   0.1429   1.0000 
             |   0.0000   0.0000   0.0410   0.0085   0.0000   0.0009   0.0410   0.5717 
             |
servico_do~o |  -0.8286   0.8286   0.4857   0.6000   0.8857   0.7143   0.4857   0.1429   1.0000   1.0000 
             |   0.0000   0.0000   0.0410   0.0085   0.0000   0.0009   0.0410   0.5717   0.0000 
             |
   iso_set_6 |  -0.0473  -0.5738  -0.7126  -0.8261  -0.3279  -0.6874  -0.5202   0.1955  -0.3153  -0.3153   1.0000 
             |   0.8522   0.0128   0.0009   0.0000   0.1840   0.0016   0.0269   0.4369   0.2025   0.2025 
             |

. 
. spearman agricultura industria construcao comercio transporte alimentos_hospedagem informacao educacao_defesa_saude outros servico_domestico iso_se
> t_7, stats(rho p)
(obs=18)

+-----------------+
|  Key            |
|-----------------|
|   rho           |
|   Sig. level    |
+-----------------+

             | agricu~a indust~a constr~o comercio transp~e alimen~m inform~o educac~e   outros servic~o iso_s~_7
-------------+---------------------------------------------------------------------------------------------------
 agricultura |   1.0000 
             | 
             |
   industria |  -0.5429   1.0000 
             |   0.0199 
             |
  construcao |  -0.1429   0.6571   1.0000 
             |   0.5717   0.0030 
             |
    comercio |  -0.2571   0.8857   0.7714   1.0000 
             |   0.3030   0.0000   0.0002 
             |
  transporte |  -0.6571   0.8286   0.7143   0.6000   1.0000 
             |   0.0030   0.0000   0.0009   0.0085 
             |
alimentos_~m |  -0.4857   0.6571   0.5429   0.7714   0.4857   1.0000 
             |   0.0410   0.0030   0.0199   0.0002   0.0410 
             |
  informacao |  -0.4857   0.7143   0.3143   0.7714   0.3143   0.6571   1.0000 
             |   0.0410   0.0009   0.2040   0.0002   0.2040   0.0030 
             |
educacao_d~e |  -0.3714   0.3714  -0.2000   0.1429   0.1429  -0.2000   0.5429   1.0000 
             |   0.1291   0.1291   0.4262   0.5717   0.5717   0.4262   0.0199 
             |
      outros |  -0.8286   0.8286   0.4857   0.6000   0.8857   0.7143   0.4857   0.1429   1.0000 
             |   0.0000   0.0000   0.0410   0.0085   0.0000   0.0009   0.0410   0.5717 
             |
servico_do~o |  -0.8286   0.8286   0.4857   0.6000   0.8857   0.7143   0.4857   0.1429   1.0000   1.0000 
             |   0.0000   0.0000   0.0410   0.0085   0.0000   0.0009   0.0410   0.5717   0.0000 
             |
   iso_set_7 |   0.0158  -0.6807  -0.6870  -0.8257  -0.4412  -0.5735  -0.5263  -0.0063  -0.3845  -0.3845   1.0000 
             |   0.9505   0.0019   0.0016   0.0000   0.0668   0.0128   0.0249   0.9802   0.1152   0.1152 
             |

. 
. spearman agricultura industria construcao comercio transporte alimentos_hospedagem informacao educacao_defesa_saude outros servico_domestico iso_se
> t_8, stats(rho p)
(obs=18)

+-----------------+
|  Key            |
|-----------------|
|   rho           |
|   Sig. level    |
+-----------------+

             | agricu~a indust~a constr~o comercio transp~e alimen~m inform~o educac~e   outros servic~o iso_se~8
-------------+---------------------------------------------------------------------------------------------------
 agricultura |   1.0000 
             | 
             |
   industria |  -0.5429   1.0000 
             |   0.0199 
             |
  construcao |  -0.1429   0.6571   1.0000 
             |   0.5717   0.0030 
             |
    comercio |  -0.2571   0.8857   0.7714   1.0000 
             |   0.3030   0.0000   0.0002 
             |
  transporte |  -0.6571   0.8286   0.7143   0.6000   1.0000 
             |   0.0030   0.0000   0.0009   0.0085 
             |
alimentos_~m |  -0.4857   0.6571   0.5429   0.7714   0.4857   1.0000 
             |   0.0410   0.0030   0.0199   0.0002   0.0410 
             |
  informacao |  -0.4857   0.7143   0.3143   0.7714   0.3143   0.6571   1.0000 
             |   0.0410   0.0009   0.2040   0.0002   0.2040   0.0030 
             |
educacao_d~e |  -0.3714   0.3714  -0.2000   0.1429   0.1429  -0.2000   0.5429   1.0000 
             |   0.1291   0.1291   0.4262   0.5717   0.5717   0.4262   0.0199 
             |
      outros |  -0.8286   0.8286   0.4857   0.6000   0.8857   0.7143   0.4857   0.1429   1.0000 
             |   0.0000   0.0000   0.0410   0.0085   0.0000   0.0009   0.0410   0.5717 
             |
servico_do~o |  -0.8286   0.8286   0.4857   0.6000   0.8857   0.7143   0.4857   0.1429   1.0000   1.0000 
             |   0.0000   0.0000   0.0410   0.0085   0.0000   0.0009   0.0410   0.5717   0.0000 
             |
   iso_set_8 |   0.4380  -0.7374  -0.5988  -0.8383  -0.5231  -0.9013  -0.7217   0.0252  -0.6744  -0.6744   1.0000 
             |   0.0690   0.0005   0.0087   0.0000   0.0259   0.0000   0.0007   0.9209   0.0021   0.0021 
             |

. 
. spearman agricultura industria construcao comercio transporte alimentos_hospedagem informacao educacao_defesa_saude outros servico_domestico iso_se
> t_9, stats(rho p)
(obs=18)

+-----------------+
|  Key            |
|-----------------|
|   rho           |
|   Sig. level    |
+-----------------+

             | agricu~a indust~a constr~o comercio transp~e alimen~m inform~o educac~e   outros servic~o iso_se~9
-------------+---------------------------------------------------------------------------------------------------
 agricultura |   1.0000 
             | 
             |
   industria |  -0.5429   1.0000 
             |   0.0199 
             |
  construcao |  -0.1429   0.6571   1.0000 
             |   0.5717   0.0030 
             |
    comercio |  -0.2571   0.8857   0.7714   1.0000 
             |   0.3030   0.0000   0.0002 
             |
  transporte |  -0.6571   0.8286   0.7143   0.6000   1.0000 
             |   0.0030   0.0000   0.0009   0.0085 
             |
alimentos_~m |  -0.4857   0.6571   0.5429   0.7714   0.4857   1.0000 
             |   0.0410   0.0030   0.0199   0.0002   0.0410 
             |
  informacao |  -0.4857   0.7143   0.3143   0.7714   0.3143   0.6571   1.0000 
             |   0.0410   0.0009   0.2040   0.0002   0.2040   0.0030 
             |
educacao_d~e |  -0.3714   0.3714  -0.2000   0.1429   0.1429  -0.2000   0.5429   1.0000 
             |   0.1291   0.1291   0.4262   0.5717   0.5717   0.4262   0.0199 
             |
      outros |  -0.8286   0.8286   0.4857   0.6000   0.8857   0.7143   0.4857   0.1429   1.0000 
             |   0.0000   0.0000   0.0410   0.0085   0.0000   0.0009   0.0410   0.5717 
             |
servico_do~o |  -0.8286   0.8286   0.4857   0.6000   0.8857   0.7143   0.4857   0.1429   1.0000   1.0000 
             |   0.0000   0.0000   0.0410   0.0085   0.0000   0.0009   0.0410   0.5717   0.0000 
             |
   iso_set_9 |  -0.0568  -0.5773  -0.6814  -0.8076  -0.3281  -0.6499  -0.5016   0.1640  -0.3123  -0.3123   1.0000 
             |   0.8229   0.0121   0.0018   0.0001   0.1838   0.0035   0.0339   0.5154   0.2070   0.2070 
             |

. 
. spearman agricultura industria construcao comercio transporte alimentos_hospedagem informacao educacao_defesa_saude outros servico_domestico iso_se
> t_10, stats(rho p)
(obs=18)

+-----------------+
|  Key            |
|-----------------|
|   rho           |
|   Sig. level    |
+-----------------+

             | agricu~a indust~a constr~o comercio transp~e alimen~m inform~o educac~e   outros servic~o iso_s~10
-------------+---------------------------------------------------------------------------------------------------
 agricultura |   1.0000 
             | 
             |
   industria |  -0.5429   1.0000 
             |   0.0199 
             |
  construcao |  -0.1429   0.6571   1.0000 
             |   0.5717   0.0030 
             |
    comercio |  -0.2571   0.8857   0.7714   1.0000 
             |   0.3030   0.0000   0.0002 
             |
  transporte |  -0.6571   0.8286   0.7143   0.6000   1.0000 
             |   0.0030   0.0000   0.0009   0.0085 
             |
alimentos_~m |  -0.4857   0.6571   0.5429   0.7714   0.4857   1.0000 
             |   0.0410   0.0030   0.0199   0.0002   0.0410 
             |
  informacao |  -0.4857   0.7143   0.3143   0.7714   0.3143   0.6571   1.0000 
             |   0.0410   0.0009   0.2040   0.0002   0.2040   0.0030 
             |
educacao_d~e |  -0.3714   0.3714  -0.2000   0.1429   0.1429  -0.2000   0.5429   1.0000 
             |   0.1291   0.1291   0.4262   0.5717   0.5717   0.4262   0.0199 
             |
      outros |  -0.8286   0.8286   0.4857   0.6000   0.8857   0.7143   0.4857   0.1429   1.0000 
             |   0.0000   0.0000   0.0410   0.0085   0.0000   0.0009   0.0410   0.5717 
             |
servico_do~o |  -0.8286   0.8286   0.4857   0.6000   0.8857   0.7143   0.4857   0.1429   1.0000   1.0000 
             |   0.0000   0.0000   0.0410   0.0085   0.0000   0.0009   0.0410   0.5717   0.0000 
             |
  iso_set_10 |  -0.0095  -0.6492  -0.6807  -0.8320  -0.3908  -0.6177  -0.5389   0.0504  -0.3593  -0.3593   1.0000 
             |   0.9703   0.0036   0.0019   0.0000   0.1089   0.0063   0.0210   0.8425   0.1431   0.1431 
             |

. 
. spearman agricultura industria construcao comercio transporte alimentos_hospedagem informacao educacao_defesa_saude outros servico_domestico iso_se
> t_11, stats(rho p)
(obs=18)

+-----------------+
|  Key            |
|-----------------|
|   rho           |
|   Sig. level    |
+-----------------+

             | agricu~a indust~a constr~o comercio transp~e alimen~m inform~o educac~e   outros servic~o iso_s~11
-------------+---------------------------------------------------------------------------------------------------
 agricultura |   1.0000 
             | 
             |
   industria |  -0.5429   1.0000 
             |   0.0199 
             |
  construcao |  -0.1429   0.6571   1.0000 
             |   0.5717   0.0030 
             |
    comercio |  -0.2571   0.8857   0.7714   1.0000 
             |   0.3030   0.0000   0.0002 
             |
  transporte |  -0.6571   0.8286   0.7143   0.6000   1.0000 
             |   0.0030   0.0000   0.0009   0.0085 
             |
alimentos_~m |  -0.4857   0.6571   0.5429   0.7714   0.4857   1.0000 
             |   0.0410   0.0030   0.0199   0.0002   0.0410 
             |
  informacao |  -0.4857   0.7143   0.3143   0.7714   0.3143   0.6571   1.0000 
             |   0.0410   0.0009   0.2040   0.0002   0.2040   0.0030 
             |
educacao_d~e |  -0.3714   0.3714  -0.2000   0.1429   0.1429  -0.2000   0.5429   1.0000 
             |   0.1291   0.1291   0.4262   0.5717   0.5717   0.4262   0.0199 
             |
      outros |  -0.8286   0.8286   0.4857   0.6000   0.8857   0.7143   0.4857   0.1429   1.0000 
             |   0.0000   0.0000   0.0410   0.0085   0.0000   0.0009   0.0410   0.5717 
             |
servico_do~o |  -0.8286   0.8286   0.4857   0.6000   0.8857   0.7143   0.4857   0.1429   1.0000   1.0000 
             |   0.0000   0.0000   0.0410   0.0085   0.0000   0.0009   0.0410   0.5717   0.0000 
             |
  iso_set_11 |  -0.0158  -0.5987  -0.6494  -0.8015  -0.3390  -0.6241  -0.5354   0.0792  -0.3263  -0.3263   1.0000 
             |   0.9503   0.0087   0.0035   0.0001   0.1688   0.0056   0.0220   0.7548   0.1863   0.1863 
             |

. 
. spearman agricultura industria construcao comercio transporte alimentos_hospedagem informacao educacao_defesa_saude outros servico_domestico iso_se
> t_12, stats(rho p)
(obs=18)

+-----------------+
|  Key            |
|-----------------|
|   rho           |
|   Sig. level    |
+-----------------+

             | agricu~a indust~a constr~o comercio transp~e alimen~m inform~o educac~e   outros servic~o iso_s~12
-------------+---------------------------------------------------------------------------------------------------
 agricultura |   1.0000 
             | 
             |
   industria |  -0.5429   1.0000 
             |   0.0199 
             |
  construcao |  -0.1429   0.6571   1.0000 
             |   0.5717   0.0030 
             |
    comercio |  -0.2571   0.8857   0.7714   1.0000 
             |   0.3030   0.0000   0.0002 
             |
  transporte |  -0.6571   0.8286   0.7143   0.6000   1.0000 
             |   0.0030   0.0000   0.0009   0.0085 
             |
alimentos_~m |  -0.4857   0.6571   0.5429   0.7714   0.4857   1.0000 
             |   0.0410   0.0030   0.0199   0.0002   0.0410 
             |
  informacao |  -0.4857   0.7143   0.3143   0.7714   0.3143   0.6571   1.0000 
             |   0.0410   0.0009   0.2040   0.0002   0.2040   0.0030 
             |
educacao_d~e |  -0.3714   0.3714  -0.2000   0.1429   0.1429  -0.2000   0.5429   1.0000 
             |   0.1291   0.1291   0.4262   0.5717   0.5717   0.4262   0.0199 
             |
      outros |  -0.8286   0.8286   0.4857   0.6000   0.8857   0.7143   0.4857   0.1429   1.0000 
             |   0.0000   0.0000   0.0410   0.0085   0.0000   0.0009   0.0410   0.5717 
             |
servico_do~o |  -0.8286   0.8286   0.4857   0.6000   0.8857   0.7143   0.4857   0.1429   1.0000   1.0000 
             |   0.0000   0.0000   0.0410   0.0085   0.0000   0.0009   0.0410   0.5717   0.0000 
             |
  iso_set_12 |   0.0095  -0.6114  -0.7374  -0.8509  -0.3719  -0.7122  -0.5578   0.1639  -0.3593  -0.3593   1.0000 
             |   0.9703   0.0070   0.0005   0.0000   0.1286   0.0009   0.0162   0.5159   0.1431   0.1431 
             |

. 
. spearman agricultura industria construcao comercio transporte alimentos_hospedagem informacao educacao_defesa_saude outros servico_domestico iso_se
> t_13, stats(rho p)
(obs=18)

+-----------------+
|  Key            |
|-----------------|
|   rho           |
|   Sig. level    |
+-----------------+

             | agricu~a indust~a constr~o comercio transp~e alimen~m inform~o educac~e   outros servic~o iso_s~13
-------------+---------------------------------------------------------------------------------------------------
 agricultura |   1.0000 
             | 
             |
   industria |  -0.5429   1.0000 
             |   0.0199 
             |
  construcao |  -0.1429   0.6571   1.0000 
             |   0.5717   0.0030 
             |
    comercio |  -0.2571   0.8857   0.7714   1.0000 
             |   0.3030   0.0000   0.0002 
             |
  transporte |  -0.6571   0.8286   0.7143   0.6000   1.0000 
             |   0.0030   0.0000   0.0009   0.0085 
             |
alimentos_~m |  -0.4857   0.6571   0.5429   0.7714   0.4857   1.0000 
             |   0.0410   0.0030   0.0199   0.0002   0.0410 
             |
  informacao |  -0.4857   0.7143   0.3143   0.7714   0.3143   0.6571   1.0000 
             |   0.0410   0.0009   0.2040   0.0002   0.2040   0.0030 
             |
educacao_d~e |  -0.3714   0.3714  -0.2000   0.1429   0.1429  -0.2000   0.5429   1.0000 
             |   0.1291   0.1291   0.4262   0.5717   0.5717   0.4262   0.0199 
             |
      outros |  -0.8286   0.8286   0.4857   0.6000   0.8857   0.7143   0.4857   0.1429   1.0000 
             |   0.0000   0.0000   0.0410   0.0085   0.0000   0.0009   0.0410   0.5717 
             |
servico_do~o |  -0.8286   0.8286   0.4857   0.6000   0.8857   0.7143   0.4857   0.1429   1.0000   1.0000 
             |   0.0000   0.0000   0.0410   0.0085   0.0000   0.0009   0.0410   0.5717   0.0000 
             |
  iso_set_13 |   0.1670  -0.6366  -0.8257  -0.8635  -0.4790  -0.8004  -0.5830   0.2080  -0.4664  -0.4664   1.0000 
             |   0.5077   0.0045   0.0000   0.0000   0.0443   0.0001   0.0111   0.4076   0.0511   0.0511 
             |

. 
. spearman agricultura industria construcao comercio transporte alimentos_hospedagem informacao educacao_defesa_saude outros servico_domestico iso_se
> t_14, stats(rho p)
(obs=18)

+-----------------+
|  Key            |
|-----------------|
|   rho           |
|   Sig. level    |
+-----------------+

             | agricu~a indust~a constr~o comercio transp~e alimen~m inform~o educac~e   outros servic~o iso_s~14
-------------+---------------------------------------------------------------------------------------------------
 agricultura |   1.0000 
             | 
             |
   industria |  -0.5429   1.0000 
             |   0.0199 
             |
  construcao |  -0.1429   0.6571   1.0000 
             |   0.5717   0.0030 
             |
    comercio |  -0.2571   0.8857   0.7714   1.0000 
             |   0.3030   0.0000   0.0002 
             |
  transporte |  -0.6571   0.8286   0.7143   0.6000   1.0000 
             |   0.0030   0.0000   0.0009   0.0085 
             |
alimentos_~m |  -0.4857   0.6571   0.5429   0.7714   0.4857   1.0000 
             |   0.0410   0.0030   0.0199   0.0002   0.0410 
             |
  informacao |  -0.4857   0.7143   0.3143   0.7714   0.3143   0.6571   1.0000 
             |   0.0410   0.0009   0.2040   0.0002   0.2040   0.0030 
             |
educacao_d~e |  -0.3714   0.3714  -0.2000   0.1429   0.1429  -0.2000   0.5429   1.0000 
             |   0.1291   0.1291   0.4262   0.5717   0.5717   0.4262   0.0199 
             |
      outros |  -0.8286   0.8286   0.4857   0.6000   0.8857   0.7143   0.4857   0.1429   1.0000 
             |   0.0000   0.0000   0.0410   0.0085   0.0000   0.0009   0.0410   0.5717 
             |
servico_do~o |  -0.8286   0.8286   0.4857   0.6000   0.8857   0.7143   0.4857   0.1429   1.0000   1.0000 
             |   0.0000   0.0000   0.0410   0.0085   0.0000   0.0009   0.0410   0.5717   0.0000 
             |
  iso_set_14 |   0.0095  -0.6240  -0.6870  -0.8257  -0.3782  -0.6618  -0.5389   0.1071  -0.3656  -0.3656   1.0000 
             |   0.9703   0.0056   0.0016   0.0000   0.1218   0.0028   0.0210   0.6722   0.1358   0.1358 
             |

. 
. spearman agricultura industria construcao comercio transporte alimentos_hospedagem informacao educacao_defesa_saude outros servico_domestico iso_se
> t_15, stats(rho p)
(obs=18)

+-----------------+
|  Key            |
|-----------------|
|   rho           |
|   Sig. level    |
+-----------------+

             | agricu~a indust~a constr~o comercio transp~e alimen~m inform~o educac~e   outros servic~o iso_s~15
-------------+---------------------------------------------------------------------------------------------------
 agricultura |   1.0000 
             | 
             |
   industria |  -0.5429   1.0000 
             |   0.0199 
             |
  construcao |  -0.1429   0.6571   1.0000 
             |   0.5717   0.0030 
             |
    comercio |  -0.2571   0.8857   0.7714   1.0000 
             |   0.3030   0.0000   0.0002 
             |
  transporte |  -0.6571   0.8286   0.7143   0.6000   1.0000 
             |   0.0030   0.0000   0.0009   0.0085 
             |
alimentos_~m |  -0.4857   0.6571   0.5429   0.7714   0.4857   1.0000 
             |   0.0410   0.0030   0.0199   0.0002   0.0410 
             |
  informacao |  -0.4857   0.7143   0.3143   0.7714   0.3143   0.6571   1.0000 
             |   0.0410   0.0009   0.2040   0.0002   0.2040   0.0030 
             |
educacao_d~e |  -0.3714   0.3714  -0.2000   0.1429   0.1429  -0.2000   0.5429   1.0000 
             |   0.1291   0.1291   0.4262   0.5717   0.5717   0.4262   0.0199 
             |
      outros |  -0.8286   0.8286   0.4857   0.6000   0.8857   0.7143   0.4857   0.1429   1.0000 
             |   0.0000   0.0000   0.0410   0.0085   0.0000   0.0009   0.0410   0.5717 
             |
servico_do~o |  -0.8286   0.8286   0.4857   0.6000   0.8857   0.7143   0.4857   0.1429   1.0000   1.0000 
             |   0.0000   0.0000   0.0410   0.0085   0.0000   0.0009   0.0410   0.5717   0.0000 
             |
  iso_set_15 |   0.0378  -0.6590  -0.6968  -0.8166  -0.4383  -0.6085  -0.5202   0.0441  -0.3941  -0.3941   1.0000 
             |   0.8815   0.0029   0.0013   0.0000   0.0689   0.0074   0.0269   0.8619   0.1056   0.1056 
             |

. 
. spearman agricultura industria construcao comercio transporte alimentos_hospedagem informacao educacao_defesa_saude outros servico_domestico iso_se
> t_16, stats(rho p)
(obs=18)

+-----------------+
|  Key            |
|-----------------|
|   rho           |
|   Sig. level    |
+-----------------+

             | agricu~a indust~a constr~o comercio transp~e alimen~m inform~o educac~e   outros servic~o iso_s~16
-------------+---------------------------------------------------------------------------------------------------
 agricultura |   1.0000 
             | 
             |
   industria |  -0.5429   1.0000 
             |   0.0199 
             |
  construcao |  -0.1429   0.6571   1.0000 
             |   0.5717   0.0030 
             |
    comercio |  -0.2571   0.8857   0.7714   1.0000 
             |   0.3030   0.0000   0.0002 
             |
  transporte |  -0.6571   0.8286   0.7143   0.6000   1.0000 
             |   0.0030   0.0000   0.0009   0.0085 
             |
alimentos_~m |  -0.4857   0.6571   0.5429   0.7714   0.4857   1.0000 
             |   0.0410   0.0030   0.0199   0.0002   0.0410 
             |
  informacao |  -0.4857   0.7143   0.3143   0.7714   0.3143   0.6571   1.0000 
             |   0.0410   0.0009   0.2040   0.0002   0.2040   0.0030 
             |
educacao_d~e |  -0.3714   0.3714  -0.2000   0.1429   0.1429  -0.2000   0.5429   1.0000 
             |   0.1291   0.1291   0.4262   0.5717   0.5717   0.4262   0.0199 
             |
      outros |  -0.8286   0.8286   0.4857   0.6000   0.8857   0.7143   0.4857   0.1429   1.0000 
             |   0.0000   0.0000   0.0410   0.0085   0.0000   0.0009   0.0410   0.5717 
             |
servico_do~o |  -0.8286   0.8286   0.4857   0.6000   0.8857   0.7143   0.4857   0.1429   1.0000   1.0000 
             |   0.0000   0.0000   0.0410   0.0085   0.0000   0.0009   0.0410   0.5717   0.0000 
             |
  iso_set_16 |  -0.0158  -0.6429  -0.6744  -0.8383  -0.3719  -0.6366  -0.5515   0.0630  -0.3530  -0.3530   1.0000 
             |   0.9505   0.0040   0.0021   0.0000   0.1286   0.0045   0.0177   0.8038   0.1508   0.1508 
             |

. 
. spearman agricultura industria construcao comercio transporte alimentos_hospedagem informacao educacao_defesa_saude outros servico_domestico iso_se
> t_17, stats(rho p)
(obs=18)

+-----------------+
|  Key            |
|-----------------|
|   rho           |
|   Sig. level    |
+-----------------+

             | agricu~a indust~a constr~o comercio transp~e alimen~m inform~o educac~e   outros servic~o iso_s~17
-------------+---------------------------------------------------------------------------------------------------
 agricultura |   1.0000 
             | 
             |
   industria |  -0.5429   1.0000 
             |   0.0199 
             |
  construcao |  -0.1429   0.6571   1.0000 
             |   0.5717   0.0030 
             |
    comercio |  -0.2571   0.8857   0.7714   1.0000 
             |   0.3030   0.0000   0.0002 
             |
  transporte |  -0.6571   0.8286   0.7143   0.6000   1.0000 
             |   0.0030   0.0000   0.0009   0.0085 
             |
alimentos_~m |  -0.4857   0.6571   0.5429   0.7714   0.4857   1.0000 
             |   0.0410   0.0030   0.0199   0.0002   0.0410 
             |
  informacao |  -0.4857   0.7143   0.3143   0.7714   0.3143   0.6571   1.0000 
             |   0.0410   0.0009   0.2040   0.0002   0.2040   0.0030 
             |
educacao_d~e |  -0.3714   0.3714  -0.2000   0.1429   0.1429  -0.2000   0.5429   1.0000 
             |   0.1291   0.1291   0.4262   0.5717   0.5717   0.4262   0.0199 
             |
      outros |  -0.8286   0.8286   0.4857   0.6000   0.8857   0.7143   0.4857   0.1429   1.0000 
             |   0.0000   0.0000   0.0410   0.0085   0.0000   0.0009   0.0410   0.5717 
             |
servico_do~o |  -0.8286   0.8286   0.4857   0.6000   0.8857   0.7143   0.4857   0.1429   1.0000   1.0000 
             |   0.0000   0.0000   0.0410   0.0085   0.0000   0.0009   0.0410   0.5717   0.0000 
             |
  iso_set_17 |   0.0221  -0.6996  -0.6555  -0.8572  -0.4097  -0.6177  -0.5893  -0.0315  -0.3908  -0.3908   1.0000 
             |   0.9308   0.0012   0.0031   0.0000   0.0913   0.0063   0.0101   0.9012   0.1089   0.1089 
             |

. log close
      name:  <unnamed>
       log:  C:\Users\Carol\Desktop\aula - ciência e visualização de dados em saúde\projeto ciencia de dados\novos\correlação setores da economia com
>  isolamento municipios.log
  log type:  text
 closed on:  15 Jun 2021, 15:25:07
-----------------------------------------------------------------------------------------------------------------------------------------------------
